TN:
SF:src/app.ts
FN:4,(anonymous_0)
FN:11,(anonymous_1)
FN:12,(anonymous_2)
FN:16,(anonymous_3)
FN:20,(anonymous_4)
FN:24,(anonymous_5)
FN:30,(anonymous_6)
FN:32,(anonymous_7)
FN:33,(anonymous_8)
FN:37,(anonymous_9)
FNF:10
FNH:9
FNDA:2,(anonymous_0)
FNDA:2,(anonymous_1)
FNDA:1,(anonymous_2)
FNDA:1,(anonymous_3)
FNDA:1,(anonymous_4)
FNDA:1,(anonymous_5)
FNDA:4,(anonymous_6)
FNDA:4,(anonymous_7)
FNDA:4,(anonymous_8)
FNDA:0,(anonymous_9)
DA:1,2
DA:2,2
DA:3,2
DA:5,2
DA:6,2
DA:7,2
DA:8,2
DA:9,2
DA:12,2
DA:13,1
DA:14,1
DA:16,2
DA:17,1
DA:18,1
DA:20,2
DA:21,1
DA:22,1
DA:24,2
DA:25,1
DA:26,1
DA:31,4
DA:32,4
DA:34,4
DA:35,4
DA:38,0
DA:39,0
LF:26
LH:24
BRF:0
BRH:0
end_of_record
TN:
SF:src/express-server.ts
FN:31,(anonymous_1)
FN:44,(anonymous_2)
FN:60,(anonymous_3)
FN:64,(anonymous_4)
FN:65,(anonymous_5)
FN:74,(anonymous_6)
FN:87,(anonymous_7)
FN:93,(anonymous_8)
FN:101,(anonymous_9)
FN:104,(anonymous_10)
FN:108,(anonymous_11)
FN:112,(anonymous_12)
FN:113,(anonymous_13)
FN:120,(anonymous_14)
FN:130,(anonymous_15)
FNF:15
FNH:15
FNDA:4,(anonymous_1)
FNDA:4,(anonymous_2)
FNDA:4,(anonymous_3)
FNDA:4,(anonymous_4)
FNDA:2,(anonymous_5)
FNDA:4,(anonymous_6)
FNDA:4,(anonymous_7)
FNDA:2,(anonymous_8)
FNDA:4,(anonymous_9)
FNDA:4,(anonymous_10)
FNDA:4,(anonymous_11)
FNDA:4,(anonymous_12)
FNDA:1,(anonymous_13)
FNDA:1,(anonymous_14)
FNDA:4,(anonymous_15)
DA:1,2
DA:3,2
DA:6,2
DA:7,2
DA:8,2
DA:9,2
DA:10,2
DA:11,2
DA:12,2
DA:13,2
DA:14,2
DA:15,2
DA:16,2
DA:17,2
DA:19,2
DA:20,2
DA:22,2
DA:32,4
DA:33,4
DA:34,4
DA:35,4
DA:36,4
DA:37,4
DA:38,4
DA:39,4
DA:40,4
DA:41,4
DA:42,4
DA:45,4
DA:46,4
DA:47,4
DA:48,4
DA:49,4
DA:50,4
DA:51,4
DA:52,4
DA:53,4
DA:54,4
DA:55,4
DA:57,4
DA:61,4
DA:65,4
DA:66,2
DA:67,2
DA:68,2
DA:69,2
DA:70,2
DA:75,4
DA:79,4
DA:80,4
DA:81,4
DA:82,4
DA:83,4
DA:84,4
DA:88,4
DA:89,4
DA:90,4
DA:91,4
DA:92,4
DA:93,4
DA:94,2
DA:97,4
DA:98,4
DA:109,4
DA:113,4
DA:114,1
DA:120,4
DA:121,1
DA:131,4
DA:132,4
LF:70
LH:70
BRDA:51,0,0,4
BRDA:51,0,1,0
BRDA:51,1,0,4
BRDA:51,1,1,4
BRDA:61,2,0,4
BRDA:61,2,1,0
BRDA:97,3,0,4
BRDA:97,3,1,0
BRDA:97,4,0,4
BRDA:97,4,1,4
BRF:10
BRH:7
end_of_record
TN:
SF:src/index.ts
FNF:0
FNH:0
DA:1,2
DA:2,2
DA:3,2
DA:5,2
DA:12,2
DA:13,2
LF:6
LH:6
BRF:0
BRH:0
end_of_record
TN:
SF:src/core/accounts/accounts.controllers.ts
FN:14,(anonymous_7)
FN:14,(anonymous_8)
FN:41,(anonymous_9)
FN:41,(anonymous_10)
FN:69,(anonymous_11)
FN:69,(anonymous_12)
FN:98,(anonymous_13)
FN:98,(anonymous_14)
FN:129,(anonymous_15)
FN:129,(anonymous_16)
FN:158,(anonymous_17)
FN:158,(anonymous_18)
FNF:12
FNH:10
FNDA:2,(anonymous_7)
FNDA:2,(anonymous_8)
FNDA:0,(anonymous_9)
FNDA:0,(anonymous_10)
FNDA:2,(anonymous_11)
FNDA:2,(anonymous_12)
FNDA:2,(anonymous_13)
FNDA:2,(anonymous_14)
FNDA:2,(anonymous_15)
FNDA:2,(anonymous_16)
FNDA:2,(anonymous_17)
FNDA:2,(anonymous_18)
DA:2,3
DA:3,3
DA:14,3
DA:17,2
DA:18,2
DA:20,2
DA:21,2
DA:22,1
DA:28,1
DA:41,3
DA:44,0
DA:45,0
DA:46,0
DA:48,0
DA:49,0
DA:50,0
DA:56,0
DA:69,3
DA:72,2
DA:73,2
DA:74,2
DA:76,2
DA:77,2
DA:78,1
DA:85,1
DA:98,3
DA:101,2
DA:102,2
DA:103,2
DA:104,2
DA:105,2
DA:107,2
DA:108,2
DA:109,1
DA:115,1
DA:129,3
DA:132,2
DA:133,2
DA:134,2
DA:136,2
DA:137,2
DA:138,1
DA:144,1
DA:158,3
DA:161,2
DA:162,2
DA:164,2
DA:165,2
DA:166,1
DA:173,1
LF:50
LH:43
BRDA:21,0,0,1
BRDA:21,0,1,1
BRDA:49,1,0,0
BRDA:49,1,1,0
BRDA:77,2,0,1
BRDA:77,2,1,1
BRDA:108,3,0,1
BRDA:108,3,1,1
BRDA:137,4,0,1
BRDA:137,4,1,1
BRDA:165,5,0,1
BRDA:165,5,1,1
BRF:12
BRH:10
end_of_record
TN:
SF:src/core/accounts/accounts.mongo.sample.service.ts
FN:20,(anonymous_7)
FN:22,(anonymous_9)
FN:22,(anonymous_10)
FN:63,(anonymous_11)
FN:65,(anonymous_13)
FN:65,(anonymous_14)
FN:102,(anonymous_15)
FN:104,(anonymous_17)
FN:104,(anonymous_18)
FN:137,(anonymous_19)
FN:139,(anonymous_21)
FN:139,(anonymous_22)
FN:181,(anonymous_23)
FN:183,(anonymous_25)
FN:183,(anonymous_26)
FN:221,(anonymous_27)
FN:223,(anonymous_29)
FN:223,(anonymous_30)
FNF:18
FNH:0
FNDA:0,(anonymous_7)
FNDA:0,(anonymous_9)
FNDA:0,(anonymous_10)
FNDA:0,(anonymous_11)
FNDA:0,(anonymous_13)
FNDA:0,(anonymous_14)
FNDA:0,(anonymous_15)
FNDA:0,(anonymous_17)
FNDA:0,(anonymous_18)
FNDA:0,(anonymous_19)
FNDA:0,(anonymous_21)
FNDA:0,(anonymous_22)
FNDA:0,(anonymous_23)
FNDA:0,(anonymous_25)
FNDA:0,(anonymous_26)
FNDA:0,(anonymous_27)
FNDA:0,(anonymous_29)
FNDA:0,(anonymous_30)
DA:2,0
DA:3,0
DA:8,0
DA:9,0
DA:11,0
DA:22,0
DA:29,0
DA:36,0
DA:37,0
DA:39,0
DA:46,0
DA:65,0
DA:67,0
DA:74,0
DA:75,0
DA:77,0
DA:84,0
DA:104,0
DA:106,0
DA:110,0
DA:111,0
DA:113,0
DA:120,0
DA:139,0
DA:141,0
DA:153,0
DA:154,0
DA:156,0
DA:163,0
DA:183,0
DA:188,0
DA:192,0
DA:193,0
DA:195,0
DA:202,0
DA:223,0
DA:228,0
DA:235,0
DA:242,0
DA:243,0
DA:245,0
DA:252,0
LF:42
LH:0
BRDA:78,0,0,0
BRDA:78,0,1,0
BRDA:114,1,0,0
BRDA:114,1,1,0
BRDA:157,2,0,0
BRDA:157,2,1,0
BRF:6
BRH:0
end_of_record
TN:
SF:src/core/accounts/accounts.oracle.sample.service.ts
FN:16,(anonymous_8)
FN:18,(anonymous_10)
FN:18,(anonymous_11)
FN:73,(anonymous_12)
FN:75,(anonymous_14)
FN:75,(anonymous_15)
FN:109,(anonymous_16)
FN:111,(anonymous_18)
FN:111,(anonymous_19)
FN:146,(anonymous_20)
FN:148,(anonymous_22)
FN:148,(anonymous_23)
FN:192,(anonymous_24)
FN:194,(anonymous_26)
FN:194,(anonymous_27)
FN:238,(anonymous_28)
FN:240,(anonymous_30)
FN:240,(anonymous_31)
FNF:18
FNH:15
FNDA:1,(anonymous_8)
FNDA:1,(anonymous_10)
FNDA:1,(anonymous_11)
FNDA:0,(anonymous_12)
FNDA:0,(anonymous_14)
FNDA:0,(anonymous_15)
FNDA:1,(anonymous_16)
FNDA:1,(anonymous_18)
FNDA:1,(anonymous_19)
FNDA:1,(anonymous_20)
FNDA:1,(anonymous_22)
FNDA:1,(anonymous_23)
FNDA:1,(anonymous_24)
FNDA:1,(anonymous_26)
FNDA:1,(anonymous_27)
FNDA:1,(anonymous_28)
FNDA:1,(anonymous_30)
FNDA:1,(anonymous_31)
DA:2,3
DA:3,3
DA:5,3
DA:7,3
DA:18,1
DA:25,1
DA:32,1
DA:36,1
DA:46,1
DA:47,1
DA:49,0
DA:56,1
DA:75,0
DA:77,0
DA:82,0
DA:83,0
DA:85,0
DA:92,0
DA:111,1
DA:113,1
DA:119,1
DA:120,1
DA:122,0
DA:129,1
DA:148,1
DA:155,1
DA:160,1
DA:165,1
DA:166,1
DA:168,0
DA:175,1
DA:194,1
DA:201,1
DA:206,1
DA:211,1
DA:212,1
DA:214,0
DA:221,1
DA:240,1
DA:242,1
DA:248,1
DA:249,1
DA:251,0
DA:258,1
LF:44
LH:33
BRF:0
BRH:0
end_of_record
TN:
SF:src/databases/mongodb.connector.ts
FN:8,(anonymous_8)
FN:15,getPoolConnection
FN:22,setConnection
FN:25,(anonymous_13)
FN:28,(anonymous_14)
FNF:5
FNH:0
FNDA:0,(anonymous_8)
FNDA:0,getPoolConnection
FNDA:0,setConnection
FNDA:0,(anonymous_13)
FNDA:0,(anonymous_14)
DA:1,0
DA:2,0
DA:3,0
DA:5,0
DA:8,0
DA:15,0
DA:16,0
DA:17,0
DA:18,0
DA:20,0
DA:23,0
DA:24,0
DA:26,0
DA:29,0
DA:32,0
DA:33,0
LF:16
LH:0
BRDA:16,0,0,0
BRDA:16,0,1,0
BRDA:8,1,0,0
BRDA:8,1,1,0
BRF:4
BRH:0
end_of_record
TN:
SF:src/databases/mongodb.service.ts
FN:4,(anonymous_8)
FN:11,getMongoDBInstance
FN:28,findDoc
FN:29,(anonymous_13)
FN:29,(anonymous_14)
FN:32,(anonymous_15)
FN:32,(anonymous_16)
FN:70,createDoc
FN:71,(anonymous_19)
FN:71,(anonymous_20)
FN:74,(anonymous_21)
FN:91,updateDoc
FN:92,(anonymous_24)
FN:92,(anonymous_25)
FN:97,(anonymous_26)
FN:114,deleteDoc
FN:115,(anonymous_29)
FN:115,(anonymous_30)
FN:118,(anonymous_31)
FN:135,searchDoc
FN:136,(anonymous_34)
FN:136,(anonymous_35)
FN:142,(anonymous_36)
FNF:23
FNH:0
FNDA:0,(anonymous_8)
FNDA:0,getMongoDBInstance
FNDA:0,findDoc
FNDA:0,(anonymous_13)
FNDA:0,(anonymous_14)
FNDA:0,(anonymous_15)
FNDA:0,(anonymous_16)
FNDA:0,createDoc
FNDA:0,(anonymous_19)
FNDA:0,(anonymous_20)
FNDA:0,(anonymous_21)
FNDA:0,updateDoc
FNDA:0,(anonymous_24)
FNDA:0,(anonymous_25)
FNDA:0,(anonymous_26)
FNDA:0,deleteDoc
FNDA:0,(anonymous_29)
FNDA:0,(anonymous_30)
FNDA:0,(anonymous_31)
FNDA:0,searchDoc
FNDA:0,(anonymous_34)
FNDA:0,(anonymous_35)
FNDA:0,(anonymous_36)
DA:1,0
DA:2,0
DA:4,0
DA:12,0
DA:13,0
DA:15,0
DA:16,0
DA:28,0
DA:29,0
DA:30,0
DA:31,0
DA:32,0
DA:33,0
DA:34,0
DA:36,0
DA:70,0
DA:71,0
DA:72,0
DA:73,0
DA:74,0
DA:75,0
DA:76,0
DA:78,0
DA:91,0
DA:92,0
DA:93,0
DA:94,0
DA:95,0
DA:98,0
DA:99,0
DA:101,0
DA:114,0
DA:115,0
DA:116,0
DA:117,0
DA:118,0
DA:119,0
DA:120,0
DA:122,0
DA:135,0
DA:136,0
DA:137,0
DA:138,0
DA:139,0
DA:140,0
DA:141,0
DA:142,0
DA:143,0
DA:144,0
DA:146,0
LF:50
LH:0
BRDA:33,0,0,0
BRDA:33,0,1,0
BRDA:75,1,0,0
BRDA:75,1,1,0
BRDA:98,2,0,0
BRDA:98,2,1,0
BRDA:119,3,0,0
BRDA:119,3,1,0
BRDA:139,4,0,0
BRDA:139,4,1,0
BRDA:140,5,0,0
BRDA:140,5,1,0
BRDA:141,6,0,0
BRDA:141,6,1,0
BRDA:143,7,0,0
BRDA:143,7,1,0
BRDA:4,8,0,0
BRDA:4,8,1,0
BRF:18
BRH:0
end_of_record
TN:
SF:src/databases/oracle.connector.ts
FN:7,(anonymous_8)
FN:14,getPoolConnection
FN:23,setConnection
FN:53,closePoolAndExit
FNF:4
FNH:4
FNDA:3,(anonymous_8)
FNDA:5,getPoolConnection
FNDA:1,setConnection
FNDA:1,closePoolAndExit
DA:1,3
DA:2,3
DA:3,3
DA:7,3
DA:14,3
DA:16,5
DA:17,1
DA:18,1
DA:20,4
DA:24,1
DA:25,1
DA:46,1
DA:47,1
DA:49,1
DA:54,1
DA:55,1
DA:61,1
DA:62,0
DA:64,1
LF:19
LH:18
BRDA:16,0,0,1
BRDA:16,0,1,4
BRDA:7,1,0,3
BRDA:7,1,1,3
BRF:4
BRH:4
end_of_record
TN:
SF:src/databases/oracle.service.ts
FN:4,(anonymous_8)
FN:14,executeSelectQuery
FN:15,(anonymous_11)
FN:15,(anonymous_12)
FN:49,executeInsertQuery
FN:50,(anonymous_15)
FN:50,(anonymous_16)
FN:81,executeUpdateQuery
FN:82,(anonymous_19)
FN:82,(anonymous_20)
FN:113,executeDeleteQuery
FN:114,(anonymous_23)
FN:114,(anonymous_24)
FNF:13
FNH:10
FNDA:3,(anonymous_8)
FNDA:2,executeSelectQuery
FNDA:2,(anonymous_11)
FNDA:2,(anonymous_12)
FNDA:1,executeInsertQuery
FNDA:1,(anonymous_15)
FNDA:1,(anonymous_16)
FNDA:2,executeUpdateQuery
FNDA:2,(anonymous_19)
FNDA:2,(anonymous_20)
FNDA:0,executeDeleteQuery
FNDA:0,(anonymous_23)
FNDA:0,(anonymous_24)
DA:1,3
DA:2,3
DA:3,3
DA:4,3
DA:14,3
DA:15,2
DA:17,2
DA:20,2
DA:21,2
DA:22,2
DA:23,0
DA:26,2
DA:28,2
DA:29,2
DA:31,2
DA:33,2
DA:34,2
DA:49,3
DA:50,1
DA:52,1
DA:55,1
DA:56,1
DA:57,0
DA:60,1
DA:62,1
DA:63,1
DA:65,1
DA:67,1
DA:68,1
DA:81,3
DA:82,2
DA:84,2
DA:87,2
DA:88,2
DA:89,0
DA:92,2
DA:94,2
DA:95,2
DA:97,2
DA:99,2
DA:100,2
DA:113,3
DA:114,0
DA:116,0
DA:119,0
DA:120,0
DA:121,0
DA:124,0
DA:126,0
DA:127,0
DA:129,0
DA:131,0
DA:132,0
LF:53
LH:39
BRDA:21,0,0,2
BRDA:21,0,1,2
BRDA:28,1,0,2
BRDA:28,1,1,0
BRDA:62,2,0,1
BRDA:62,2,1,0
BRDA:94,3,0,2
BRDA:94,3,1,0
BRDA:126,4,0,0
BRDA:126,4,1,0
BRDA:4,5,0,3
BRDA:4,5,1,3
BRF:12
BRH:7
end_of_record
TN:
SF:src/middlewares/auth.middleware.ts
FN:16,(anonymous_2)
FN:19,(anonymous_3)
FNF:2
FNH:0
FNDA:0,(anonymous_2)
FNDA:0,(anonymous_3)
DA:4,2
DA:5,2
DA:6,2
DA:16,2
DA:17,0
DA:18,0
DA:19,0
DA:20,0
DA:21,0
DA:22,0
DA:23,0
DA:25,0
DA:28,0
DA:31,0
DA:35,0
LF:15
LH:4
BRDA:17,0,0,0
BRDA:17,0,1,0
BRDA:18,1,0,0
BRDA:18,1,1,0
BRDA:21,2,0,0
BRDA:21,2,1,0
BRDA:22,3,0,0
BRDA:22,3,1,0
BRF:8
BRH:0
end_of_record
TN:
SF:src/middlewares/status.monitor.middleware.ts
FN:10,(anonymous_1)
FNF:1
FNH:1
FNDA:4,(anonymous_1)
DA:7,2
DA:12,4
DA:15,4
DA:49,4
DA:50,4
DA:54,2
LF:6
LH:6
BRF:0
BRH:0
end_of_record
TN:
SF:src/routes/accounts.routes.ts
FN:11,AccountsRoutes
FN:14,(anonymous_9)
FN:14,(anonymous_10)
FN:24,(anonymous_11)
FN:24,(anonymous_12)
FN:35,(anonymous_13)
FN:35,(anonymous_14)
FN:46,(anonymous_15)
FN:46,(anonymous_16)
FN:56,(anonymous_17)
FN:56,(anonymous_18)
FN:66,(anonymous_19)
FN:66,(anonymous_20)
FNF:13
FNH:1
FNDA:4,AccountsRoutes
FNDA:0,(anonymous_9)
FNDA:0,(anonymous_10)
FNDA:0,(anonymous_11)
FNDA:0,(anonymous_12)
FNDA:0,(anonymous_13)
FNDA:0,(anonymous_14)
FNDA:0,(anonymous_15)
FNDA:0,(anonymous_16)
FNDA:0,(anonymous_17)
FNDA:0,(anonymous_18)
FNDA:0,(anonymous_19)
FNDA:0,(anonymous_20)
DA:2,2
DA:3,2
DA:4,2
DA:11,2
DA:14,4
DA:15,0
DA:16,0
DA:17,0
DA:20,0
DA:24,4
DA:25,0
DA:26,0
DA:27,0
DA:30,0
DA:35,4
DA:36,0
DA:37,0
DA:38,0
DA:41,0
DA:46,4
DA:47,0
DA:48,0
DA:49,0
DA:52,0
DA:56,4
DA:57,0
DA:58,0
DA:59,0
DA:62,0
DA:66,4
DA:67,0
DA:68,0
DA:69,0
DA:72,0
LF:34
LH:10
BRF:0
BRH:0
end_of_record
TN:
SF:src/routes/index.routes.loader.ts
FN:15,(anonymous_0)
FNF:1
FNH:1
FNDA:4,(anonymous_0)
DA:2,2
DA:8,2
DA:16,4
LF:3
LH:3
BRF:0
BRH:0
end_of_record
TN:
SF:src/util/hash.generator.util.ts
FN:2,(anonymous_1)
FN:9,injectHash
FN:21,getUniqueHash
FNF:3
FNH:2
FNDA:3,(anonymous_1)
FNDA:0,injectHash
FNDA:2,getUniqueHash
DA:1,3
DA:2,3
DA:9,3
DA:10,0
DA:13,0
DA:14,0
DA:15,0
DA:18,0
DA:21,3
DA:22,2
DA:25,2
DA:28,0
LF:12
LH:6
BRDA:25,0,0,2
BRDA:25,0,1,2
BRDA:2,1,0,3
BRDA:2,1,1,3
BRF:4
BRH:4
end_of_record
TN:
SF:src/util/logger.util.ts
FNF:0
FNH:0
DA:1,3
DA:2,3
DA:5,3
DA:24,3
DA:28,3
DA:33,3
DA:34,3
DA:35,3
DA:40,3
LF:9
LH:9
BRDA:33,0,0,3
BRDA:33,0,1,0
BRF:2
BRH:1
end_of_record
TN:
SF:src/util/restful.response.util.ts
FN:3,toJSON
FN:40,errorHandler
FNF:2
FNH:0
FNDA:0,toJSON
FNDA:0,errorHandler
DA:2,2
DA:3,2
DA:4,0
DA:16,2
DA:22,2
DA:28,2
DA:40,2
DA:44,0
DA:45,0
DA:46,0
DA:52,0
DA:53,0
LF:12
LH:6
BRDA:4,0,0,0
BRDA:4,0,1,0
BRDA:6,1,0,0
BRDA:6,1,1,0
BRDA:7,2,0,0
BRDA:7,2,1,0
BRDA:9,3,0,0
BRDA:9,3,1,0
BRDA:45,4,0,0
BRDA:45,4,1,0
BRDA:49,5,0,0
BRDA:49,5,1,0
BRF:12
BRH:0
end_of_record
TN:
SF:src/util/secrets.util.ts
FNF:0
FNH:0
DA:1,3
DA:2,3
DA:4,3
DA:5,0
DA:7,3
DA:14,3
DA:15,3
DA:17,3
DA:18,3
DA:20,3
DA:21,3
DA:23,3
DA:24,3
DA:26,3
DA:27,3
DA:29,3
DA:30,3
DA:32,3
DA:33,3
DA:35,3
DA:36,3
DA:38,3
DA:39,3
DA:41,3
DA:42,3
DA:44,3
DA:45,3
DA:47,3
DA:48,3
DA:50,3
DA:51,3
LF:31
LH:30
BRDA:4,0,0,0
BRDA:4,0,1,3
BRF:2
BRH:1
end_of_record
